<?xml version="1.0" encoding="UTF-8"?>
<!-- Generated by org.testng.reporters.JUnitXMLReporter -->
<testsuite ignored="0" hostname="ADMINRG-B4GU5HF" failures="1" tests="1" name="Testing" time="0.053" errors="0" timestamp="2023-09-08T19:39:11 IST">
  <testcase classname="com.xl.New" name="f" time="0.0">
    <failure type="org.testng.TestNGException" message="
Parameter &amp;apos;emailid&amp;apos; is required by @Test on method f but has not been marked @Optional or defined
in C:\Users\lenovo\eclipse-workspace\Facebook\book.xml">
      <![CDATA[org.testng.TestNGException: 
Parameter 'emailid' is required by @Test on method f but has not been marked @Optional or defined
in C:\Users\lenovo\eclipse-workspace\Facebook\book.xml
at java.base/java.util.ArrayList.forEach(ArrayList.java:1511)
... Removed 26 stack frames]]>
    </failure>
  </testcase> <!-- f -->
</testsuite> <!-- Testing -->
