<?xml version="1.0" encoding="UTF-8"?>
<!-- Generated by org.testng.reporters.JUnitXMLReporter -->
<testsuite ignored="0" hostname="ADMINRG-B4GU5HF" failures="0" tests="6" name="Surefire test" time="15.855" errors="0" timestamp="2023-09-21T11:23:36 IST">
  <testcase classname="Project.FacebookTest.ChromelaunchTest" name="mainTest" time="9.924"/>
  <testcase classname="Project.FacebookTest.ChromelaunchTest" name="mainTest" time="5.874"/>
  <testcase classname="Project.FacebookTest.NewTest" name="f" time="0.001"/>
  <testcase classname="Project.FacebookTest.NewTest" name="f1" time="0.0"/>
  <testcase classname="Project.FacebookTest.NewTest" name="f2" time="0.0"/>
  <testcase classname="Project.FacebookTest.NewTest" name="f3" time="0.0"/>
</testsuite> <!-- Surefire test -->
