<?xml version="1.0" encoding="UTF-8"?>
<testng-results ignored="0" total="6" passed="6" failed="0" skipped="0">
  <reporter-output>
  </reporter-output>
  <suite started-at="2023-09-21T11:23:20 IST" name="Surefire suite" finished-at="2023-09-21T11:23:36 IST" duration-ms="15855">
    <groups>
    </groups>
    <test started-at="2023-09-21T11:23:20 IST" name="Surefire test" finished-at="2023-09-21T11:23:36 IST" duration-ms="15855">
      <class name="Project.FacebookTest.NewTest">
        <test-method is-config="true" signature="beforeSuite()[pri:0, instance:Project.FacebookTest.NewTest@4b14c583]" started-at="2023-09-21T11:23:20 IST" name="beforeSuite" finished-at="2023-09-21T11:23:20 IST" duration-ms="11" status="PASS">
          <reporter-output>
          </reporter-output>
        </test-method> <!-- beforeSuite -->
        <test-method is-config="true" signature="beforeTest()[pri:0, instance:Project.FacebookTest.NewTest@4b14c583]" started-at="2023-09-21T11:23:20 IST" name="beforeTest" finished-at="2023-09-21T11:23:20 IST" duration-ms="0" status="PASS">
          <reporter-output>
          </reporter-output>
        </test-method> <!-- beforeTest -->
        <test-method is-config="true" signature="beforeClass()[pri:0, instance:Project.FacebookTest.NewTest@4b14c583]" started-at="2023-09-21T11:23:36 IST" name="beforeClass" finished-at="2023-09-21T11:23:36 IST" duration-ms="0" status="PASS">
          <reporter-output>
          </reporter-output>
        </test-method> <!-- beforeClass -->
        <test-method is-config="true" signature="beforeMethod()[pri:0, instance:Project.FacebookTest.NewTest@4b14c583]" started-at="2023-09-21T11:23:36 IST" name="beforeMethod" finished-at="2023-09-21T11:23:36 IST" duration-ms="1" status="PASS">
          <reporter-output>
          </reporter-output>
        </test-method> <!-- beforeMethod -->
        <test-method signature="f()[pri:0, instance:Project.FacebookTest.NewTest@4b14c583]" started-at="2023-09-21T11:23:36 IST" name="f" finished-at="2023-09-21T11:23:36 IST" duration-ms="1" status="PASS">
          <reporter-output>
          </reporter-output>
        </test-method> <!-- f -->
        <test-method is-config="true" signature="afterMethod()[pri:0, instance:Project.FacebookTest.NewTest@4b14c583]" started-at="2023-09-21T11:23:36 IST" name="afterMethod" finished-at="2023-09-21T11:23:36 IST" duration-ms="0" status="PASS">
          <reporter-output>
          </reporter-output>
        </test-method> <!-- afterMethod -->
        <test-method is-config="true" signature="beforeMethod()[pri:0, instance:Project.FacebookTest.NewTest@4b14c583]" started-at="2023-09-21T11:23:36 IST" name="beforeMethod" finished-at="2023-09-21T11:23:36 IST" duration-ms="1" status="PASS">
          <reporter-output>
          </reporter-output>
        </test-method> <!-- beforeMethod -->
        <test-method signature="f1()[pri:0, instance:Project.FacebookTest.NewTest@4b14c583]" started-at="2023-09-21T11:23:36 IST" name="f1" finished-at="2023-09-21T11:23:36 IST" duration-ms="0" status="PASS">
          <reporter-output>
          </reporter-output>
        </test-method> <!-- f1 -->
        <test-method is-config="true" signature="afterMethod()[pri:0, instance:Project.FacebookTest.NewTest@4b14c583]" started-at="2023-09-21T11:23:36 IST" name="afterMethod" finished-at="2023-09-21T11:23:36 IST" duration-ms="0" status="PASS">
          <reporter-output>
          </reporter-output>
        </test-method> <!-- afterMethod -->
        <test-method is-config="true" signature="beforeMethod()[pri:0, instance:Project.FacebookTest.NewTest@4b14c583]" started-at="2023-09-21T11:23:36 IST" name="beforeMethod" finished-at="2023-09-21T11:23:36 IST" duration-ms="1" status="PASS">
          <reporter-output>
          </reporter-output>
        </test-method> <!-- beforeMethod -->
        <test-method signature="f2()[pri:0, instance:Project.FacebookTest.NewTest@4b14c583]" started-at="2023-09-21T11:23:36 IST" name="f2" finished-at="2023-09-21T11:23:36 IST" duration-ms="0" status="PASS">
          <reporter-output>
          </reporter-output>
        </test-method> <!-- f2 -->
        <test-method is-config="true" signature="afterMethod()[pri:0, instance:Project.FacebookTest.NewTest@4b14c583]" started-at="2023-09-21T11:23:36 IST" name="afterMethod" finished-at="2023-09-21T11:23:36 IST" duration-ms="0" status="PASS">
          <reporter-output>
          </reporter-output>
        </test-method> <!-- afterMethod -->
        <test-method is-config="true" signature="beforeMethod()[pri:0, instance:Project.FacebookTest.NewTest@4b14c583]" started-at="2023-09-21T11:23:36 IST" name="beforeMethod" finished-at="2023-09-21T11:23:36 IST" duration-ms="1" status="PASS">
          <reporter-output>
          </reporter-output>
        </test-method> <!-- beforeMethod -->
        <test-method signature="f3()[pri:0, instance:Project.FacebookTest.NewTest@4b14c583]" started-at="2023-09-21T11:23:36 IST" name="f3" finished-at="2023-09-21T11:23:36 IST" duration-ms="0" status="PASS">
          <reporter-output>
          </reporter-output>
        </test-method> <!-- f3 -->
        <test-method is-config="true" signature="afterMethod()[pri:0, instance:Project.FacebookTest.NewTest@4b14c583]" started-at="2023-09-21T11:23:36 IST" name="afterMethod" finished-at="2023-09-21T11:23:36 IST" duration-ms="0" status="PASS">
          <reporter-output>
          </reporter-output>
        </test-method> <!-- afterMethod -->
        <test-method is-config="true" signature="afterClass()[pri:0, instance:Project.FacebookTest.NewTest@4b14c583]" started-at="2023-09-21T11:23:36 IST" name="afterClass" finished-at="2023-09-21T11:23:36 IST" duration-ms="0" status="PASS">
          <reporter-output>
          </reporter-output>
        </test-method> <!-- afterClass -->
        <test-method is-config="true" signature="afterTest()[pri:0, instance:Project.FacebookTest.NewTest@4b14c583]" started-at="2023-09-21T11:23:36 IST" name="afterTest" finished-at="2023-09-21T11:23:36 IST" duration-ms="0" status="PASS">
          <reporter-output>
          </reporter-output>
        </test-method> <!-- afterTest -->
        <test-method is-config="true" signature="afterSuite()[pri:0, instance:Project.FacebookTest.NewTest@4b14c583]" started-at="2023-09-21T11:23:36 IST" name="afterSuite" finished-at="2023-09-21T11:23:36 IST" duration-ms="2" status="PASS">
          <reporter-output>
          </reporter-output>
        </test-method> <!-- afterSuite -->
      </class> <!-- Project.FacebookTest.NewTest -->
      <class name="Project.FacebookTest.ChromelaunchTest">
        <test-method signature="mainTest(java.lang.String,java.lang.String)[pri:0, instance:Project.FacebookTest.ChromelaunchTest@6973bf95]" started-at="2023-09-21T11:23:20 IST" name="mainTest" data-provider="in" finished-at="2023-09-21T11:23:30 IST" duration-ms="9924" status="PASS">
          <params>
            <param index="0">
              <value>
                <![CDATA[name]]>
              </value>
            </param>
            <param index="1">
              <value>
                <![CDATA[name@2245]]>
              </value>
            </param>
          </params>
          <reporter-output>
          </reporter-output>
        </test-method> <!-- mainTest -->
        <test-method signature="mainTest(java.lang.String,java.lang.String)[pri:0, instance:Project.FacebookTest.ChromelaunchTest@6973bf95]" started-at="2023-09-21T11:23:30 IST" name="mainTest" data-provider="in" finished-at="2023-09-21T11:23:36 IST" duration-ms="5874" status="PASS">
          <params>
            <param index="0">
              <value>
                <![CDATA[nk]]>
              </value>
            </param>
            <param index="1">
              <value>
                <![CDATA[nk@356]]>
              </value>
            </param>
          </params>
          <reporter-output>
          </reporter-output>
        </test-method> <!-- mainTest -->
      </class> <!-- Project.FacebookTest.ChromelaunchTest -->
    </test> <!-- Surefire test -->
  </suite> <!-- Surefire suite -->
</testng-results>
