<?xml version="1.0" encoding="UTF-8"?>
<testsuite xmlns:xsi="http://www.w3.org/2001/XMLSchema-instance" xsi:noNamespaceSchemaLocation="https://maven.apache.org/surefire/maven-surefire-plugin/xsd/surefire-test-report.xsd" name="TestSuite" time="25.872" tests="6" errors="0" skipped="0" failures="0">
  <properties>
[...]
</properties>
  <testcase name="mainTest" classname="Project.FacebookTest.ChromelaunchTest" time="9.928"/>
  <testcase name="mainTest" classname="Project.FacebookTest.ChromelaunchTest" time="5.869"/>
  <testcase name="f" classname="Project.FacebookTest.NewTest" time="0.001"/>
  <testcase name="f1" classname="Project.FacebookTest.NewTest" time="0"/>
  <testcase name="f2" classname="Project.FacebookTest.NewTest" time="0.001"/>
  <testcase name="f3" classname="Project.FacebookTest.NewTest" time="0"/>
</testsuite>